0 info it worked if it ends with ok
1 verbose cli [ '/home/anon/.nvm/versions/node/v6.7.0/bin/node',
1 verbose cli   '/home/anon/.nvm/versions/node/v6.7.0/bin/npm',
1 verbose cli   'install' ]
2 info using npm@3.10.3
3 info using node@v6.7.0
4 silly loadCurrentTree Starting
5 silly install loadCurrentTree
6 silly install readLocalPackageData
7 silly install normalizeTree
8 silly loadCurrentTree Finishing
9 silly loadIdealTree Starting
10 silly install loadIdealTree
11 silly cloneCurrentTree Starting
12 silly install cloneCurrentTreeToIdealTree
13 silly cloneCurrentTree Finishing
14 silly loadShrinkwrap Starting
15 silly install loadShrinkwrap
16 silly loadShrinkwrap Finishing
17 silly loadAllDepsIntoIdealTree Starting
18 silly install loadAllDepsIntoIdealTree
19 silly fetchNamedPackageData fs
20 silly mapToRegistry name fs
21 silly mapToRegistry using default registry
22 silly mapToRegistry registry https://registry.npmjs.org/
23 silly mapToRegistry data Result {
23 silly mapToRegistry   raw: 'fs',
23 silly mapToRegistry   scope: null,
23 silly mapToRegistry   escapedName: 'fs',
23 silly mapToRegistry   name: 'fs',
23 silly mapToRegistry   rawSpec: '',
23 silly mapToRegistry   spec: 'latest',
23 silly mapToRegistry   type: 'tag' }
24 silly mapToRegistry uri https://registry.npmjs.org/fs
25 silly fetchNamedPackageData util
26 silly mapToRegistry name util
27 silly mapToRegistry using default registry
28 silly mapToRegistry registry https://registry.npmjs.org/
29 silly mapToRegistry data Result {
29 silly mapToRegistry   raw: 'util',
29 silly mapToRegistry   scope: null,
29 silly mapToRegistry   escapedName: 'util',
29 silly mapToRegistry   name: 'util',
29 silly mapToRegistry   rawSpec: '',
29 silly mapToRegistry   spec: 'latest',
29 silly mapToRegistry   type: 'tag' }
30 silly mapToRegistry uri https://registry.npmjs.org/util
31 verbose request uri https://registry.npmjs.org/util
32 verbose request no auth needed
33 info attempt registry request try #1 at 23:41:43
34 verbose request id 722ba724f65780e2
35 verbose etag "5ODMFF3IZ7TWOWBUN6M2XQ4LQ"
36 http request GET https://registry.npmjs.org/util
37 verbose request uri https://registry.npmjs.org/fs
38 verbose request no auth needed
39 info attempt registry request try #1 at 23:41:44
40 verbose etag "9S4L5EPM9VTVQ4PS11R4PZOXI"
41 http request GET https://registry.npmjs.org/fs
42 http 304 https://registry.npmjs.org/util
43 verbose headers { date: 'Wed, 12 Oct 2016 22:41:43 GMT',
43 verbose headers   via: '1.1 varnish',
43 verbose headers   'cache-control': 'max-age=300',
43 verbose headers   etag: '"5ODMFF3IZ7TWOWBUN6M2XQ4LQ"',
43 verbose headers   age: '250',
43 verbose headers   connection: 'keep-alive',
43 verbose headers   'x-served-by': 'cache-lcy1125-LCY',
43 verbose headers   'x-cache': 'HIT',
43 verbose headers   'x-cache-hits': '4',
43 verbose headers   'x-timer': 'S1476312103.575622,VS0,VE0',
43 verbose headers   vary: 'Accept-Encoding' }
44 silly get cb [ 304,
44 silly get   { date: 'Wed, 12 Oct 2016 22:41:43 GMT',
44 silly get     via: '1.1 varnish',
44 silly get     'cache-control': 'max-age=300',
44 silly get     etag: '"5ODMFF3IZ7TWOWBUN6M2XQ4LQ"',
44 silly get     age: '250',
44 silly get     connection: 'keep-alive',
44 silly get     'x-served-by': 'cache-lcy1125-LCY',
44 silly get     'x-cache': 'HIT',
44 silly get     'x-cache-hits': '4',
44 silly get     'x-timer': 'S1476312103.575622,VS0,VE0',
44 silly get     vary: 'Accept-Encoding' } ]
45 verbose etag https://registry.npmjs.org/util from cache
46 verbose get saving util to /home/anon/.npm/registry.npmjs.org/util/.cache.json
47 verbose correctMkdir /home/anon/.npm correctMkdir not in flight; initializing
48 silly resolveWithNewModule util@0.10.3 checking installable status
49 silly cache add args [ 'util@*', null ]
50 verbose cache add spec util@*
51 silly cache add parsed spec Result {
51 silly cache add   raw: 'util@*',
51 silly cache add   scope: null,
51 silly cache add   escapedName: 'util',
51 silly cache add   name: 'util',
51 silly cache add   rawSpec: '*',
51 silly cache add   spec: '*',
51 silly cache add   type: 'range' }
52 silly addNamed util@*
53 verbose addNamed "*" is a valid semver range for util
54 silly addNameRange { name: 'util', range: '*', hasData: false }
55 silly mapToRegistry name util
56 silly mapToRegistry using default registry
57 silly mapToRegistry registry https://registry.npmjs.org/
58 silly mapToRegistry data Result {
58 silly mapToRegistry   raw: 'util',
58 silly mapToRegistry   scope: null,
58 silly mapToRegistry   escapedName: 'util',
58 silly mapToRegistry   name: 'util',
58 silly mapToRegistry   rawSpec: '',
58 silly mapToRegistry   spec: 'latest',
58 silly mapToRegistry   type: 'tag' }
59 silly mapToRegistry uri https://registry.npmjs.org/util
60 verbose addNameRange registry:https://registry.npmjs.org/util not in flight; fetching
61 verbose get https://registry.npmjs.org/util not expired, no request
62 silly addNameRange number 2 { name: 'util', range: '*', hasData: true }
63 silly addNameRange versions [ 'util', [ '0.4.9', '0.10.0', '0.10.1', '0.10.2', '0.10.3' ] ]
64 silly addNamed util@0.10.3
65 verbose addNamed "0.10.3" is a plain semver version for util
66 silly cache afterAdd util@0.10.3
67 verbose afterAdd /home/anon/.npm/util/0.10.3/package/package.json not in flight; writing
68 verbose correctMkdir /home/anon/.npm correctMkdir not in flight; initializing
69 verbose afterAdd /home/anon/.npm/util/0.10.3/package/package.json written
70 http 304 https://registry.npmjs.org/fs
71 verbose headers { date: 'Wed, 12 Oct 2016 22:41:43 GMT',
71 verbose headers   via: '1.1 varnish',
71 verbose headers   'cache-control': 'max-age=300',
71 verbose headers   etag: '"9S4L5EPM9VTVQ4PS11R4PZOXI"',
71 verbose headers   age: '0',
71 verbose headers   connection: 'keep-alive',
71 verbose headers   'x-served-by': 'cache-lcy1124-LCY',
71 verbose headers   'x-cache': 'HIT',
71 verbose headers   'x-cache-hits': '1',
71 verbose headers   'x-timer': 'S1476312103.651015,VS0,VE174',
71 verbose headers   vary: 'Accept-Encoding' }
72 silly get cb [ 304,
72 silly get   { date: 'Wed, 12 Oct 2016 22:41:43 GMT',
72 silly get     via: '1.1 varnish',
72 silly get     'cache-control': 'max-age=300',
72 silly get     etag: '"9S4L5EPM9VTVQ4PS11R4PZOXI"',
72 silly get     age: '0',
72 silly get     connection: 'keep-alive',
72 silly get     'x-served-by': 'cache-lcy1124-LCY',
72 silly get     'x-cache': 'HIT',
72 silly get     'x-cache-hits': '1',
72 silly get     'x-timer': 'S1476312103.651015,VS0,VE174',
72 silly get     vary: 'Accept-Encoding' } ]
73 verbose etag https://registry.npmjs.org/fs from cache
74 verbose get saving fs to /home/anon/.npm/registry.npmjs.org/fs/.cache.json
75 verbose correctMkdir /home/anon/.npm correctMkdir not in flight; initializing
76 silly resolveWithNewModule fs@0.0.0 checking installable status
77 silly cache add args [ 'fs@*', null ]
78 verbose cache add spec fs@*
79 silly cache add parsed spec Result {
79 silly cache add   raw: 'fs@*',
79 silly cache add   scope: null,
79 silly cache add   escapedName: 'fs',
79 silly cache add   name: 'fs',
79 silly cache add   rawSpec: '*',
79 silly cache add   spec: '*',
79 silly cache add   type: 'range' }
80 silly addNamed fs@*
81 verbose addNamed "*" is a valid semver range for fs
82 silly addNameRange { name: 'fs', range: '*', hasData: false }
83 silly mapToRegistry name fs
84 silly mapToRegistry using default registry
85 silly mapToRegistry registry https://registry.npmjs.org/
86 silly mapToRegistry data Result {
86 silly mapToRegistry   raw: 'fs',
86 silly mapToRegistry   scope: null,
86 silly mapToRegistry   escapedName: 'fs',
86 silly mapToRegistry   name: 'fs',
86 silly mapToRegistry   rawSpec: '',
86 silly mapToRegistry   spec: 'latest',
86 silly mapToRegistry   type: 'tag' }
87 silly mapToRegistry uri https://registry.npmjs.org/fs
88 verbose addNameRange registry:https://registry.npmjs.org/fs not in flight; fetching
89 verbose get https://registry.npmjs.org/fs not expired, no request
90 silly addNameRange number 2 { name: 'fs', range: '*', hasData: true }
91 silly addNameRange versions [ 'fs', [ '0.0.1-security', '0.0.0', '0.0.2' ] ]
92 silly addNamed fs@0.0.2
93 verbose addNamed "0.0.2" is a plain semver version for fs
94 silly cache afterAdd fs@0.0.2
95 verbose afterAdd /home/anon/.npm/fs/0.0.2/package/package.json not in flight; writing
96 verbose correctMkdir /home/anon/.npm correctMkdir not in flight; initializing
97 verbose afterAdd /home/anon/.npm/fs/0.0.2/package/package.json written
98 silly rollbackFailedOptional Starting
99 silly rollbackFailedOptional Finishing
100 silly runTopLevelLifecycles Starting
101 silly runTopLevelLifecycles Finishing
102 silly install printInstalled
103 verbose stack Error: Error extracting /home/anon/.npm/fs/0.0.0/package.tgz archive: ENOENT: no such file or directory, open '/home/anon/.npm/fs/0.0.0/package.tgz'
103 verbose stack     at ReadStream.<anonymous> (/home/anon/.nvm/versions/node/v6.7.0/lib/node_modules/npm/lib/fetch-package-metadata.js:300:10)
103 verbose stack     at emitOne (events.js:96:13)
103 verbose stack     at ReadStream.emit (events.js:188:7)
103 verbose stack     at /home/anon/.nvm/versions/node/v6.7.0/lib/node_modules/npm/node_modules/graceful-fs/graceful-fs.js:181:14
103 verbose stack     at /home/anon/.nvm/versions/node/v6.7.0/lib/node_modules/npm/node_modules/graceful-fs/graceful-fs.js:232:16
103 verbose stack     at FSReqWrap.oncomplete (fs.js:123:15)
104 verbose cwd /mnt/d/FAC/4/IV/ProyectoIV
105 error Linux 3.4.0+
106 error argv "/home/anon/.nvm/versions/node/v6.7.0/bin/node" "/home/anon/.nvm/versions/node/v6.7.0/bin/npm" "install"
107 error node v6.7.0
108 error npm  v3.10.3
109 error code EREADFILE
110 error Error extracting /home/anon/.npm/fs/0.0.0/package.tgz archive: ENOENT: no such file or directory, open '/home/anon/.npm/fs/0.0.0/package.tgz'
111 error If you need help, you may report this error at:
111 error     <https://github.com/npm/npm/issues>
112 verbose exit [ 1, true ]
